<?xml version="1.0" encoding="UTF-8"?>
<!-- Generated by org.testng.reporters.JUnitReportReporter -->
<testsuite skipped="0" hostname="DESKTOP-AQFB0ON" name="endToEndMapprrCheckOutFlow.EndToEndMapprrCheckOutFlow.MapprrCheckoutTest" tests="1" failures="0" timestamp="2020-04-27T20:28:59 IST" time="114.575" errors="0">
  <testcase name="checkoutTest" time="114.575" classname="endToEndMapprrCheckOutFlow.EndToEndMapprrCheckOutFlow.MapprrCheckoutTest"/>
  <system-out/>
</testsuite> <!-- endToEndMapprrCheckOutFlow.EndToEndMapprrCheckOutFlow.MapprrCheckoutTest -->
